<!DOCTYPE html PUBLIC "-//W3C//DTD XHTML 1.1//EN" "http://www.w3.org/TR/xhtml11/DTD/xhtml11.dtd">
<html xmlns="http://www.w3.org/1999/xhtml"><head><title>TestNG Report</title><style type="text/css">table {margin-bottom:10px;border-collapse:collapse;empty-cells:show}th,td {border:1px solid #009;padding:.25em .5em}th {vertical-align:bottom}td {vertical-align:top}table a {font-weight:bold}.stripe td {background-color: #E6EBF9}.num {text-align:right}.passedodd td {background-color: #3F3}.passedeven td {background-color: #0A0}.skippedodd td {background-color: #DDD}.skippedeven td {background-color: #CCC}.failedodd td,.attn {background-color: #F33}.failedeven td,.stripe .attn {background-color: #D00}.stacktrace {white-space:pre;font-family:monospace}.totop {font-size:85%;text-align:center;border-bottom:2px solid #000}</style></head><body><table><tr><th>Test</th><th># Passed</th><th># Skipped</th><th># Failed</th><th>Time (ms)</th><th>Included Groups</th><th>Excluded Groups</th></tr><tr><th colspan="7">Suite</th></tr><tr><td><a href="#t0">Registration</a></td><td class="num">1</td><td class="num">0</td><td class="num">0</td><td class="num">12,528</td><td></td><td></td></tr><tr class="stripe"><td><a href="#t1">Hotel Search</a></td><td class="num">1</td><td class="num">0</td><td class="num">0</td><td class="num">12,635</td><td></td><td></td></tr><tr><td><a href="#t2">Flight Search</a></td><td class="num">1</td><td class="num">0</td><td class="num">0</td><td class="num">16,577</td><td></td><td></td></tr><tr class="stripe"><td><a href="#t3">Tour Search</a></td><td class="num">1</td><td class="num">0</td><td class="num">0</td><td class="num">16,169</td><td></td><td></td></tr><tr><td><a href="#t4">Log In</a></td><td class="num">0</td><td class="num">0</td><td class="num attn">1</td><td class="num">32,688</td><td></td><td></td></tr><tr><th>Total</th><th class="num">4</th><th class="num">0</th><th class="num attn">1</th><th class="num">90,597</th><th colspan="2"></th></tr></table><table><thead><tr><th>Class</th><th>Method</th><th>Start</th><th>Time (ms)</th></tr></thead><tbody><tr><th colspan="4">Suite</th></tr></tbody><tbody id="t0"><tr><th colspan="4">Registration &#8212; passed</th></tr><tr class="passedeven"><td rowspan="1">Copy_PHP.Test_Case_1Test</td><td><a href="#m0">userRegistration</a></td><td rowspan="1">1572417112566</td><td rowspan="1">2512</td></tr></tbody><tbody id="t1"><tr><th colspan="4">Hotel Search &#8212; passed</th></tr><tr class="passedeven"><td rowspan="1">Copy_PHP.Test_Case_2Test</td><td><a href="#m1">hotelSearch</a></td><td rowspan="1">1572417124834</td><td rowspan="1">4326</td></tr></tbody><tbody id="t2"><tr><th colspan="4">Flight Search &#8212; passed</th></tr><tr class="passedeven"><td rowspan="1">Copy_PHP.Test_Case_3Test</td><td><a href="#m2">fightSearch</a></td><td rowspan="1">1572417137298</td><td rowspan="1">8739</td></tr></tbody><tbody id="t3"><tr><th colspan="4">Tour Search &#8212; passed</th></tr><tr class="passedeven"><td rowspan="1">Copy_PHP.Test_Case_4Test</td><td><a href="#m3">tourSearch</a></td><td rowspan="1">1572417153138</td><td rowspan="1">8624</td></tr></tbody><tbody id="t4"><tr><th colspan="4">Log In &#8212; failed (configuration methods)</th></tr><tr class="failedeven"><td rowspan="1">Copy_PHP.Test_Case_5Test</td><td><a href="#m4">afterRegistration</a></td><td rowspan="1">1572417175039</td><td rowspan="1">0</td></tr><tr><th colspan="4">Log In &#8212; failed</th></tr><tr class="failedeven"><td rowspan="1">Copy_PHP.Test_Case_5Test</td><td><a href="#m5">logIn</a></td><td rowspan="1">1572417171188</td><td rowspan="1">3846</td></tr></tbody></table><h2>Registration</h2><h3 id="m0">Copy_PHP.Test_Case_1Test#userRegistration</h3><table class="result"></table><p class="totop"><a href="#summary">back to summary</a></p><h2>Hotel Search</h2><h3 id="m1">Copy_PHP.Test_Case_2Test#hotelSearch</h3><table class="result"></table><p class="totop"><a href="#summary">back to summary</a></p><h2>Flight Search</h2><h3 id="m2">Copy_PHP.Test_Case_3Test#fightSearch</h3><table class="result"></table><p class="totop"><a href="#summary">back to summary</a></p><h2>Tour Search</h2><h3 id="m3">Copy_PHP.Test_Case_4Test#tourSearch</h3><table class="result"></table><p class="totop"><a href="#summary">back to summary</a></p><h2>Log In</h2><h3 id="m4">Copy_PHP.Test_Case_5Test#afterRegistration</h3><table class="result"><tr><th>Exception</th></tr><tr><td><div class="stacktrace">org.openqa.selenium.NoSuchElementException: no such element: Unable to locate element: {&quot;method&quot;:&quot;xpath&quot;,&quot;selector&quot;:&quot;//h3[contains(text(),&apos;Hi, xyzw&apos;)]&quot;}
  (Session info: chrome=77.0.3865.120)
For documentation on this error, please visit: https://www.seleniumhq.org/exceptions/no_such_element.html
Build info: version: &apos;3.141.59&apos;, revision: &apos;e82be7d358&apos;, time: &apos;2018-11-14T08:25:48&apos;
System info: host: &apos;CBT-MH-000&apos;, ip: &apos;192.168.56.1&apos;, os.name: &apos;Windows 8.1&apos;, os.arch: &apos;amd64&apos;, os.version: &apos;6.3&apos;, java.version: &apos;1.8.0_121&apos;
Driver info: org.openqa.selenium.chrome.ChromeDriver
Capabilities {acceptInsecureCerts: false, browserName: chrome, browserVersion: 77.0.3865.120, chrome: {chromedriverVersion: 76.0.3809.126 (d80a294506b4..., userDataDir: C:\Users\ONLINE~1.CBT\AppDa...}, goog:chromeOptions: {debuggerAddress: localhost:60410}, javascriptEnabled: true, networkConnectionEnabled: false, pageLoadStrategy: normal, platform: XP, platformName: XP, proxy: Proxy(), setWindowRect: true, strictFileInteractability: false, timeouts: {implicit: 0, pageLoad: 300000, script: 30000}, unhandledPromptBehavior: dismiss and notify}
Session ID: 354f1f360f7282bc861bb7dc4eb08843
*** Element info: {Using=xpath, value=//h3[contains(text(),&apos;Hi, xyzw&apos;)]}
	at org.openqa.selenium.remote.http.W3CHttpResponseCodec.createException(W3CHttpResponseCodec.java:187)
	at org.openqa.selenium.remote.http.W3CHttpResponseCodec.decode(W3CHttpResponseCodec.java:122)
	at org.openqa.selenium.remote.http.W3CHttpResponseCodec.decode(W3CHttpResponseCodec.java:49)
	at org.openqa.selenium.remote.HttpCommandExecutor.execute(HttpCommandExecutor.java:158)
	at org.openqa.selenium.remote.service.DriverCommandExecutor.execute(DriverCommandExecutor.java:83)
	at org.openqa.selenium.remote.RemoteWebDriver.execute(RemoteWebDriver.java:552)
	at org.openqa.selenium.remote.RemoteWebDriver.findElement(RemoteWebDriver.java:323)
	at org.openqa.selenium.remote.RemoteWebDriver.findElementByXPath(RemoteWebDriver.java:428)
	at org.openqa.selenium.By$ByXPath.findElement(By.java:353)
	at org.openqa.selenium.remote.RemoteWebDriver.findElement(RemoteWebDriver.java:315)
	at Copy_PHP.ValidationClass.registration(ValidationClass.java:14)
	at Copy_PHP.Test_Case_5Test.afterRegistration(Test_Case_5Test.java:39)
... Removed 27 stack frames</div></td></tr></table><p class="totop"><a href="#summary">back to summary</a></p><h3 id="m5">Copy_PHP.Test_Case_5Test#logIn</h3><table class="result"><tr><th>Exception</th></tr><tr><td><div class="stacktrace">org.openqa.selenium.ElementClickInterceptedException: element click intercepted: Element &lt;button style=&quot;font-size: 16px;&quot; type=&quot;submit&quot; class=&quot;btn btn-primary btn-lg btn-block loginbtn&quot;&gt;...&lt;/button&gt; is not clickable at point (791, 461). Other element would receive the click: &lt;a class=&quot;btn btn-warning br25 btn-block&quot; data-toggle=&quot;modal&quot; href=&quot;#ForgetPassword&quot;&gt;...&lt;/a&gt;
  (Session info: chrome=77.0.3865.120)
Build info: version: &apos;3.141.59&apos;, revision: &apos;e82be7d358&apos;, time: &apos;2018-11-14T08:25:48&apos;
System info: host: &apos;CBT-MH-000&apos;, ip: &apos;192.168.56.1&apos;, os.name: &apos;Windows 8.1&apos;, os.arch: &apos;amd64&apos;, os.version: &apos;6.3&apos;, java.version: &apos;1.8.0_121&apos;
Driver info: org.openqa.selenium.chrome.ChromeDriver
Capabilities {acceptInsecureCerts: false, browserName: chrome, browserVersion: 77.0.3865.120, chrome: {chromedriverVersion: 76.0.3809.126 (d80a294506b4..., userDataDir: C:\Users\ONLINE~1.CBT\AppDa...}, goog:chromeOptions: {debuggerAddress: localhost:60410}, javascriptEnabled: true, networkConnectionEnabled: false, pageLoadStrategy: normal, platform: XP, platformName: XP, proxy: Proxy(), setWindowRect: true, strictFileInteractability: false, timeouts: {implicit: 0, pageLoad: 300000, script: 30000}, unhandledPromptBehavior: dismiss and notify}
Session ID: 354f1f360f7282bc861bb7dc4eb08843
	at org.openqa.selenium.remote.http.W3CHttpResponseCodec.createException(W3CHttpResponseCodec.java:187)
	at org.openqa.selenium.remote.http.W3CHttpResponseCodec.decode(W3CHttpResponseCodec.java:122)
	at org.openqa.selenium.remote.http.W3CHttpResponseCodec.decode(W3CHttpResponseCodec.java:49)
	at org.openqa.selenium.remote.HttpCommandExecutor.execute(HttpCommandExecutor.java:158)
	at org.openqa.selenium.remote.service.DriverCommandExecutor.execute(DriverCommandExecutor.java:83)
	at org.openqa.selenium.remote.RemoteWebDriver.execute(RemoteWebDriver.java:552)
	at org.openqa.selenium.remote.RemoteWebElement.execute(RemoteWebElement.java:285)
	at org.openqa.selenium.remote.RemoteWebElement.click(RemoteWebElement.java:84)
	at Copy_PHP.Test_Case_5Test.logIn(Test_Case_5Test.java:31)
... Removed 29 stack frames</div></td></tr></table><p class="totop"><a href="#summary">back to summary</a></p></body></html>